<?xml version="1.0" encoding="UTF-8" ?>
<testsuite errors="0" failures="0" hostname="blutstein" name="rsb.filter.FilterObservableTest" tests="4" time="0.058" timestamp="2011-05-18T12:26:27">
  <properties>
[...]
</properties>
  <testcase classname="rsb.filter.FilterObservableTest" name="testAddObserver" time="0.0060" />
  <testcase classname="rsb.filter.FilterObservableTest" name="testRemoveObserver" time="0.0" />
  <testcase classname="rsb.filter.FilterObservableTest" name="testNotifyObservers" time="0.0040" />
  <testcase classname="rsb.filter.FilterObservableTest" name="testClearObservers" time="0.0" />
  <system-out><![CDATA[]]></system-out>
  <system-err><![CDATA[]]></system-err>
</testsuite>
